[com/linuxmint/backup]
excluded-paths=['~/documents/Backups']
included-hidden-paths=['~']

[com/linuxmint/updates]
level2-is-safe=true
level3-is-visible=true
level3-is-safe=true
level1-is-safe=true
kernel-updates-are-safe=true
window-width=790
level4-is-safe=true
security-updates-are-safe=true
security-updates-are-visible=true
window-height=792
show-welcome-page=false
kernel-updates-are-visible=true
level2-is-visible=true
level4-is-visible=true
show-level-column=false
window-pane-position=280
level1-is-visible=true

[com/linuxmint/install]
installed-apps=['apt:sublime-text', 'apt:spotify-client', 'apt:htop', 'apt:calibre']
flatpak-remotes=['flathub::https://dl.flathub.org/repo/::False']

[system/proxy]
mode='manual'

[org/x/reader/toolbar]
show-history-buttons=true
show-expand-window=true

[org/x/reader/default]
window-ratio=(2.9845178138407018, 1.2729468599033817)
continuous=true
fullscreen=false
show-toolbar=true
show-sidebar=true
dual-page-odd-left=false
inverted-colors=false
sidebar-page='links'
sidebar-size=345
dual-page=false
sizing-mode='best-fit'

[org/x/viewer/view]
background-color='rgb(0,0,0)'
use-background-color=true

[org/x/pix/browser]
window-height=810
startup-location='file://~'
window-width=1195
browser-sidebar-width=285
sort-type='file::mtime'
properties-visible=true
thumbnail-list-size=126
viewer-sidebar='tools'
sort-inverse=false
maximized=false
show-thumbnails=true
startup-current-file=''
filterbar-visible=true
viewer-sidebar-width=284

[org/x/pix/general]
active-extensions=['23hq', 'bookmarks', 'burn_disc', 'catalogs', 'change_date', 'comments', 'contact_sheet', 'convert_format', 'desktop_background', 'edit_metadata', 'exiv2_tools', 'facebook', 'file_manager', 'file_tools', 'find_duplicates', 'flicker', 'gstreamer_tools', 'gstreamer_utils', 'image_print', 'image_rotation', 'image_viewer', 'importer', 'jpeg_utils', 'list_tools', 'oauth', 'photo_importer', 'photobucket', 'picasaweb', 'raw_files', 'red_eye_removal', 'rename_series', 'resize_images', 'search', 'selections', 'slideshow', 'webalbums']

[org/x/pix/data-migration]
catalogs-2-10=true

[org/x/pix/photo-importer]
delete-from-device=false

[org/x/player]
subtitle-encoding='UTF-8'
active-plugins=['screenshot', 'apple-trailers', 'chapters', 'screensaver', 'recent', 'rotation', 'vimeo', 'autoload-subtitles', 'media_player_keys', 'dbusservice', 'movie-properties', 'opensubtitles', 'skipto']
debug=false

[org/x/editor/preferences/ui]
statusbar-visible=true

[org/x/editor/plugins/filebrowser/on-load]
virtual-root='file:///home/konrad/code/setupFiles/mint'
tree-view=true
root='file:///'

[org/x/editor/plugins]
active-plugins=['spell', 'sort', 'docinfo', 'filebrowser', 'time', 'textsize', 'modelines']

[org/x/editor/state/window]
size=(959, 1053)
state=87168
bottom-panel-size=140
side-panel-size=200
side-panel-active-page=827629879

[org/cinnamon]
desktop-effects-unmaximize-transition='easeNone'
extension-cache-updated=1558154866
desktop-effects-on-dialogs=false
desktop-effects-maximize-transition='easeInExpo'
applet-cache-updated=1543735689
desktop-effects-map-effect='traditional'
command-history=['test', 'gnome-system-monitor', 'atom', 'subl']
alttab-switcher-show-all-workspaces=false
desktop-effects-close-effect='traditional'
hotcorner-layout=[':false:0', 'scale:false:0', 'scale:false:0', 'desktop:false:0']
desktop-effects-unmaximize-time=100
enabled-desklets=@as []
desktop-effects-map-time=100
desktop-effects-minimize-effect='traditional'
alttab-switcher-style='icons'
workspace-osd-duration=400
desktop-effects=false
workspace-expo-view-as-grid=true
panels-height=['1:20']
enable-vfade=false
next-applet-id=12
panel-launchers=['DEPRECATED']
desktop-effects-map-transition='easeOutQuad'
desktop-effects-maximize-time=100
desktop-effects-unmaximize-effect='none'
desktop-effects-tile-transition='easeInQuad'
desktop-effects-maximize-effect='none'
desktop-effects-on-menus=false
enabled-applets=['panel1:right:0:systray@cinnamon.org:0', 'panel1:left:0:menu@cinnamon.org:1', 'panel1:left:1:show-desktop@cinnamon.org:2', 'panel1:left:2:grouped-window-list@cinnamon.org:3', 'panel1:right:1:keyboard@cinnamon.org:4', 'panel1:right:2:notifications@cinnamon.org:5', 'panel1:right:3:removable-drives@cinnamon.org:6', 'panel1:right:5:bluetooth@cinnamon.org:7', 'panel1:right:6:network@cinnamon.org:8', 'panel1:right:7:sound@cinnamon.org:9', 'panel1:right:8:power@cinnamon.org:10', 'panel1:right:9:calendar@cinnamon.org:11']
desktop-effects-minimize-time=160
alttab-switcher-delay=100
desktop-effects-tile-effect='none'
desktop-effects-close-transition='easeOutQuad'
desktop-effects-minimize-transition='easeInQuad'
panel-edit-mode=false
workspace-osd-x=50
desktop-effects-close-time=120
no-adjacent-panel-barriers=true
workspace-osd-y=50
favorite-apps=['cinnamon-settings.desktop', 'google-chrome.desktop', 'gnome-system-monitor.desktop']
desktop-effects-tile-time=100
panels-autohide=['1:true']
device-aliases=['/org/freedesktop/UPower/devices/mouse_hid_dco2co26o03o63obe_battery:= TECKNET BM306', '/org/freedesktop/UPower/devices/battery_BAT0:=ASUSTeK ASUS Battery']
startup-animation=false

[org/cinnamon/keybindings/custom-keybindings/custom4]
binding='<Super>g'
command='geany'
name='Geany'

[org/cinnamon/muffin]
tile-maximize=false
resize-threshold=24
tile-hud-threshold=25

[org/cinnamon/desktop/interface]
text-scaling-factor=0.90000000000000002
cursor-size=22
clock-use-24h=false
scaling-factor=uint32 0
toolkit-accessibility=false
keyboard-layout-use-upper=true
clock-show-seconds=true
cursor-blink-time=1200
icon-theme='Mint-Y-Grey'
gtk-overlay-scrollbars=true
gtk-theme='Mint-Y-Dark'
clock-show-date=true

[org/cinnamon/desktop/keybindings/custom-keybindings/custom0]
binding=['<Alt>1']
command='wmctrl -s 0'
name='ws 0'

[org/cinnamon/desktop/keybindings/custom-keybindings/custom1]
binding=['<Alt>2']
command='wmctrl -s 1'
name='ws 1'

[org/cinnamon/desktop/keybindings/custom-keybindings/custom2]
binding=['<Alt>3']
command='wmctrl -s 2'
name='ws 2'

[org/cinnamon/desktop/keybindings/custom-keybindings/custom3]
binding=['<Alt>4']
command='wmctrl -s 3'
name='ws 3'

[org/cinnamon/desktop/keybindings/custom-keybindings/custom4]
binding=['<Alt>5']
command='wmctrl -s 4'
name='ws 4'

[org/cinnamon/desktop/keybindings/custom-keybindings/custom5]
binding=['<Super>g']
command='google-chrome'
name='Open Chrome'

[org/cinnamon/desktop/keybindings/custom-keybindings/custom10]
binding=['<Primary><Shift>Escape']
command='gnome-system-monitor'
name='System Monitor'

[org/cinnamon/desktop/keybindings/custom-keybindings/custom6]
binding=['<Super>m']
command='spotify %U'
name='Open Spotify'

[org/cinnamon/desktop/keybindings/custom-keybindings/custom11]
binding=['F6']
command='xset dons force off'
name='Screen Off'

[org/cinnamon/desktop/keybindings/custom-keybindings/custom7]
binding=['<Super>w']
command='/opt/google/chrome/google-chrome --profile-directory=Default --app-id='
name='Open GDocs'

[org/cinnamon/desktop/keybindings/custom-keybindings/custom12]
binding=['<Primary><Alt>t']
command='gnome-terminal --hide-menubar'
name='Launch Terminal'

[org/cinnamon/desktop/keybindings/custom-keybindings/custom8]
binding=['<Super>i']
command='/opt/google/chrome/google-chrome --profile-directory=Default --app-id='
name='Open Keep'

[org/cinnamon/desktop/keybindings/custom-keybindings/custom9]
binding=['<Super>j']
command='/opt/google/chrome/google-chrome --profile-directory=Default --app-id='
name='Open Calendar'

[org/cinnamon/desktop/keybindings]
looking-glass-keybinding=@as []
custom-list=['custom0', 'custom1', 'custom2', 'custom3', 'custom4', 'custom5', 'custom6', 'custom7', 'custom8', 'custom9', 'custom10', 'custom11', 'custom12']

[org/cinnamon/desktop/keybindings/media-keys]
next=['<Primary>Right']
play=['<Primary>Shift_R']
volume-up=['<Primary>Up']
terminal=@as []
volume-down=['<Primary>Down']
www=['XF86WWW']
screensaver=['<Super>l', 'XF86ScreenSaver']
pause=['<Primary>Shift_R']
previous=['<Primary>Left']

[org/cinnamon/desktop/media-handling]
autorun-x-content-start-app=['x-content/unix-software']
autorun-never=false
autorun-x-content-ignore=@as []
autorun-x-content-open-folder=@as []

[org/cinnamon/desktop/screensaver]
screensaver-name=''
floating-widgets=false
use-custom-format=false
xscreensaver-hack='attraction'

[org/cinnamon/desktop/applications/calculator]
exec='gnome-calculator'

[org/cinnamon/desktop/applications/terminal]
exec='gnome-terminal'

[org/cinnamon/desktop/session]
idle-delay=uint32 300

[org/cinnamon/desktop/privacy]
recent-files-max-age=-1
remember-recent-files=false

[org/cinnamon/desktop/wm/preferences]
min-window-opacity=30
theme='Mint-Y-Dark'
num-workspaces=5
titlebar-font='Noto Sans Bold 6'

[org/cinnamon/desktop/a11y/applications]
screen-keyboard-enabled=false
screen-reader-enabled=false

[org/cinnamon/desktop/a11y/keyboard]
mousekeys-init-delay=300
mousekeys-max-speed=10
mousekeys-accel-time=300
bouncekeys-delay=300
slowkeys-delay=300

[org/cinnamon/desktop/a11y/mouse]
secondary-click-enabled=false
secondary-click-time=1.2
dwell-time=1.2
dwell-threshold=10
dwell-click-enabled=false

[org/cinnamon/desktop/sound]
volume-sound-enabled=false
event-sounds=false

[org/cinnamon/desktop/background]
picture-uri='file:///usr/share/backgrounds/linuxmint/sele_linuxmint.png'
picture-options='zoom'

[org/cinnamon/desktop/background/slideshow]
image-source='xml:///usr/share/cinnamon-background-properties/linuxmint.xml'
delay=15

[org/cinnamon/settings-daemon/plugins/power]
button-power='interactive'
sleep-inactive-ac-timeout=900
critical-battery-action='shutdown'
idle-dim-time=300
lid-close-suspend-with-external-monitor=true
sleep-inactive-battery-timeout=900
lid-close-ac-action='suspend'
idle-dim-battery=true
lid-close-battery-action='suspend'
idle-brightness=5
sleep-display-ac=600
sleep-display-battery=600

[org/cinnamon/settings-daemon/plugins/xsettings]
antialiasing='rgba'
menus-have-icons=true
hinting='slight'

[org/cinnamon/settings-daemon/peripherals/touchpad]
motion-threshold=1
scrolling-method=1
horizontal-scrolling=false
disable-while-typing=false
clickpad-click=3
touchpad-enabled=true

[org/cinnamon/settings-daemon/peripherals/keyboard]
repeat-interval=uint32 30
delay=uint32 500
numlock-state='off'

[org/cinnamon/settings-daemon/peripherals/mouse]
drag-threshold=8
motion-threshold=1
custom-threshold=false
double-click=400
locate-pointer=false
middle-button-enabled=false

[org/cinnamon/theme]
symbolic-relative-size=0.67000000000000004
theme-cache-updated=1542617564
name='Mint-Y-Dark'

[org/cinnamon/cinnamon-session]
quit-delay-toggle=false
quit-time-delay=60

[org/cinnamon/sounds]
login-enabled=false
logout-enabled=false
unplug-enabled=false
tile-enabled=false
plug-enabled=false
switch-enabled=false

[org/blueman/general]
window-properties=[959, 1053, 471, 0]

[org/blueman/network]
nap-enable=false

[org/blueman/plugins/recentconns]
recent-connections='eNotTrlOw0AUNCEHJBAI99GkoKAJ2iUJ2NuBg4gUKUIKEm4o1vEmrGQ7jA86JFyYmu+ioOUr+AfWC83TvDfHm7fSyHiE8YqlU6dmGAb3+HMiIpSmnpvG9UkSyXBex7LTUuSlyaxzZtlsYDPLYraFco5Khuq/1YtEHKP29KcmhNEeI11GLphJGb3GSo7VDHWnUqh9yWM0lLaptsFk0L6/sYftod0hfazlWM/QdMqKktNFiA39wfVTEfAQm5oIeSDQchoKTkQkud++W0QJtjSZptLDtko/0U0IoZTQTgE6tBhmMQgxSX9mud3ezMVOjt0Me9qdSBW9f3v1XXr4/Pn4cqrq5okXORU4GOv6gUxEgMOx7jWP5TzkPo5GRsrfcXz2C1H5VnE='

[org/blueman/transfer]
shared-path='/home/konrad/downloads'

[org/gnome/baobab/ui]
window-state=43908
window-size=(1920, 491)

[org/gnome/calculator]
target-currency=''
show-zeroes=false
source-currency=''
show-thousands=false
button-mode='programming'
target-units='radian'
word-size=64
window-position=(0, 0)
number-format='automatic'
angle-units='degrees'
base=16
source-units='degree'
accuracy=9

[org/gnome/gnome-screenshot]
include-pointer=false
include-border=true
border-effect='none'

[org/gnome/power-manager]
info-last-device='/org/freedesktop/UPower/devices/line_power_AC0'
info-stats-graph-smooth=false
info-page-number=0
info-history-time=604800
info-history-type='charge'
info-history-graph-smooth=true
info-stats-type='discharge-accuracy'
info-stats-graph-points=true

[org/gnome/file-roller/listing]
sort-method='name'
name-column-width=250
sort-type='ascending'
list-mode='as-folder'
show-path=false

[org/gnome/file-roller/dialogs/new]
default-extension='.zip'
volume-size=0
encrypt-header=false

[org/gnome/file-roller/dialogs/extract]
skip-newer=false
recreate-folders=true

[org/gnome/file-roller/ui]
sidebar-width=200
window-height=480
window-width=600

[org/gnome/desktop/a11y/applications]
screen-keyboard-enabled=false
screen-reader-enabled=false

[org/gnome/desktop/a11y/mouse]
secondary-click-enabled=false
secondary-click-time=1.2
dwell-time=1.2
dwell-threshold=10
dwell-click-enabled=false

[org/gnome/desktop/interface]
scaling-factor=uint32 0
toolkit-accessibility=false

[org/gnome/cheese]
photo-y-resolution=480
burst-delay=1000
video-y-resolution=480
camera='USB2.0 HD UVC WebCam: USB2.0 HD'
photo-x-resolution=640
video-x-resolution=640

[org/gnome/terminal/legacy/profiles:]
list=['b1dcc9dd-5262-4d8d-a863-c897e6d979b9']

[org/gnome/terminal/legacy/profiles:/:b1dcc9dd-5262-4d8d-a863-c897e6d979b9]
foreground-color='rgb(211,215,207)'
palette=['rgb(46,52,54)', 'rgb(204,0,0)', 'rgb(78,154,6)', 'rgb(196,160,0)', 'rgb(52,101,164)', 'rgb(117,80,123)', 'rgb(6,152,154)', 'rgb(211,215,207)', 'rgb(85,87,83)', 'rgb(239,41,41)', 'rgb(138,226,52)', 'rgb(252,233,79)', 'rgb(114,159,207)', 'rgb(173,127,168)', 'rgb(52,226,226)', 'rgb(238,238,236)']
default-size-rows=40
cursor-shape='block'
use-transparent-background=true
use-theme-colors=false
use-theme-transparency=true
background-color='rgb(46,52,54)'
background-transparency-percent=48
scrollbar-policy='never'

[org/gnome/terminal/legacy]
schema-version=uint32 3
theme-variant='system'

[org/gnome/nm-applet]
disable-disconnected-notifications=true
disable-connected-notifications=true

[org/gnome/nm-applet/eap/a77024f6-fcf7-4dab-bab7-f30f0bd28a71]
ignore-phase2-ca-cert=false
ignore-ca-cert=false

[org/gnome/nm-applet/eap/90eb74d7-d7d2-419a-b3b1-f8688ede8d8a]
ignore-phase2-ca-cert=false
ignore-ca-cert=false

[org/gnome/nm-applet/eap/7bfe5a3b-5b48-4de8-aa4e-c3365aa9a445]
ignore-phase2-ca-cert=false
ignore-ca-cert=false

[org/gnome/nm-applet/eap/cb327338-d593-4762-b9c5-d81d3a5d340c]
ignore-phase2-ca-cert=false
ignore-ca-cert=false

[org/gnome/nm-applet/eap/92807e04-e970-4f0a-8f43-7b32b1e4becd]
ignore-phase2-ca-cert=false
ignore-ca-cert=false

[org/gnome/nm-applet/eap/a7e41446-2197-44d7-8d7f-b4a55358d309]
ignore-phase2-ca-cert=false
ignore-ca-cert=false

[org/gnome/nm-applet/eap/b2c4fe62-9658-4cb3-bc7d-3e90c2299821]
ignore-phase2-ca-cert=false
ignore-ca-cert=false

[org/gnome/nm-applet/eap/64c73c5a-047a-4084-a37a-8a91033c54aa]
ignore-phase2-ca-cert=false
ignore-ca-cert=true

[org/gnome/nm-applet/eap/2e1b7613-4f33-4c46-8a78-7dfae524a56f]
ignore-phase2-ca-cert=false
ignore-ca-cert=false

[org/gnome/nm-applet/eap/5f5c5a5a-545b-4b7f-b2d0-365ee03f10f6]
ignore-phase2-ca-cert=false
ignore-ca-cert=false

[org/gnome/nm-applet/eap/8bffef0e-c8c7-4b3b-850f-14d73a53073a]
ignore-phase2-ca-cert=false
ignore-ca-cert=false

[org/gnome/nm-applet/eap/1e7c2ed8-f8e5-46fc-9087-cb8217e4a03f]
ignore-phase2-ca-cert=false
ignore-ca-cert=false

[org/gnome/nm-applet/eap/78c54546-c4f2-482b-b82c-dfb79dad5647]
ignore-phase2-ca-cert=false
ignore-ca-cert=false

[org/gnome/gnome-system-monitor]
show-dependencies=false
current-tab='processes'
maximized=false
window-state=(959, 1053, 960, 0)
show-whose-processes='user'

[org/gnome/gnome-system-monitor/disktreenew]
col-6-visible=true
col-6-width=0

[org/gnome/gnome-system-monitor/proctree]
col-0-width=198
columns-order=[0, 1, 2, 3, 4, 6, 8, 9, 10, 11, 12, 13, 14, 15, 16, 17, 18, 19, 20, 21, 22, 23, 24, 25, 26]
sort-order=0
col-0-visible=true
sort-col=15

[org/gtk/settings/file-chooser]
sort-column='name'
sidebar-width=148
window-position=(465, 112)
show-size-column=true
show-hidden=true
window-size=(990, 742)
sort-directories-first=true
date-format='regular'
sort-order='ascending'
location-mode='path-bar'

[org/gtk/settings/color-chooser]
selected-color=(true, 0.6705882352941176, 0.094117647058823528, 0.32156862745098042, 1.0)
custom-colors=[(0.6705882352941176, 0.094117647058823528, 0.32156862745098042, 1.0), (0.16466666666666668, 0.38, 0.28574377224199293, 1.0), (0.64000000000000001, 0.24960000000000002, 0.24960000000000002, 1.0), (0.43000000000000005, 0.35116666666666674, 0.35116666666666674, 1.0), (0.70000000000000007, 0.13066666666666665, 0.13066666666666665, 1.0), (0.61111111111111127, 0.66081871345029253, 0.66666666666666674, 1.0), (0.51372549019607838, 0.58039215686274515, 0.58823529411764708, 1.0), (0.18666666666666668, 0.18666666666666668, 0.18666666666666668, 1.0)]

[org/nemo/preferences]
show-hidden-files=true
context-menus-show-all-actions=true
show-location-entry=true

[org/nemo/window-state]
side-pane-view='places'
sidebar-width=215
my-computer-expanded=true
geometry='682x741+683+0'
network-expanded=false
sidebar-bookmark-breakpoint=5
maximized=false
start-with-sidebar=true

[org/nemo/desktop]
home-icon-visible=false
computer-icon-visible=false
volumes-visible=false
trash-icon-visible=false

[org/mate/panel/general]
object-id-list=['menu-bar', 'show-desktop', 'separator', 'launcher-caja', 'launcher-terminal', 'launcher-firefox', 'window-list', 'notification-area', 'clock']
toplevel-id-list=['bottom']

[org/mate/panel/toplevels/bottom]
expand=true
orientation='bottom'
screen=0
y-bottom=0
size=27
y=1053

[org/mate/panel/objects/launcher-firefox]
locked=true
launcher-location='/usr/share/applications/firefox.desktop'
menu-path='applications:/'
position=50
object-type='launcher'
toplevel-id='bottom'

[org/mate/panel/objects/clock]
applet-iid='ClockAppletFactory::ClockApplet'
locked=true
toplevel-id='bottom'
position=0
object-type='applet'
panel-right-stick=true

[org/mate/panel/objects/clock/prefs]
format='24-hour'
custom-format=''

[org/mate/panel/objects/separator]
locked=true
toplevel-id='bottom'
position=20
object-type='separator'

[org/mate/panel/objects/launcher-terminal]
locked=true
launcher-location='/usr/share/applications/mate-terminal.desktop'
menu-path='applications:/'
position=40
object-type='launcher'
toplevel-id='bottom'

[org/mate/panel/objects/menu-bar]
applet-iid='MintMenuAppletFactory::MintMenuApplet'
locked=true
toplevel-id='bottom'
position=0
object-type='applet'

[org/mate/panel/objects/launcher-caja]
locked=true
launcher-location='/usr/share/applications/caja-browser.desktop'
menu-path='applications:/'
position=30
object-type='launcher'
toplevel-id='bottom'

[org/mate/panel/objects/window-list]
applet-iid='WnckletFactory::WindowListApplet'
locked=true
toplevel-id='bottom'
position=60
object-type='applet'

[org/mate/panel/objects/notification-area]
applet-iid='NotificationAreaAppletFactory::NotificationArea'
locked=true
toplevel-id='bottom'
position=10
object-type='applet'
panel-right-stick=true

[org/mate/panel/objects/show-desktop]
applet-iid='WnckletFactory::ShowDesktopApplet'
locked=true
toplevel-id='bottom'
position=10
object-type='applet'

[apps/overgrive]
mime-ext-drawing='svg'
mime-ext-spreadsheet='xlsx'
mime-ext-presentation='pptx'
autostart=true
autosync=true
folder='/home/konrad/gdrive'
mime-ext-document='docx'

[ca/desrt/dconf-editor]
saved-view='/org/cinnamon/desktop/keybindings/'
show-warning=false
bookmarks=['/org/cinnamon/desktop/keybindings/']
window-height=1027
window-width=960
window-is-maximized=false
